2021-04-28 20:05:02.395 [restartedMain] WARN  o.s.b.d.autoconfigure.OptionalLiveReloadServer - Unable to start LiveReload server
2021-04-28 20:05:02.411 [restartedMain] WARN  o.s.d.m.c.index.MongoPersistentEntityIndexCreator - Automatic index creation will be disabled by default as of Spring Data MongoDB 3.x.
	Please use 'MongoMappingContext#setAutoIndexCreation(boolean)' or override 'MongoConfigurationSupport#autoIndexCreation()' to be explicit.
	However, we recommend setting up indices manually in an application ready block. You may use index derivation there as well.

	> -----------------------------------------------------------------------------------------
	> @EventListener(ApplicationReadyEvent.class)
	> public void initIndicesAfterStartup() {
	>
	>     IndexOperations indexOps = mongoTemplate.indexOps(DomainType.class);
	>
	>     IndexResolver resolver = new MongoPersistentEntityIndexResolver(mongoMappingContext);
	>     resolver.resolveIndexFor(DomainType.class).forEach(indexOps::ensureIndex);
	> }
	> -----------------------------------------------------------------------------------------

2021-04-28 20:05:06.013 [restartedMain] WARN  com.netflix.config.sources.URLConfigurationSource - No URLs will be polled as dynamic configuration sources.
2021-04-28 20:05:06.019 [restartedMain] WARN  com.netflix.config.sources.URLConfigurationSource - No URLs will be polled as dynamic configuration sources.
2021-04-28 20:20:48.787 [http-nio-8201-exec-10] WARN  o.s.w.s.m.m.a.ExceptionHandlerExceptionResolver - Resolved [org.springframework.web.HttpRequestMethodNotSupportedException: Request method 'GET' not supported]
2021-04-28 20:27:26.696 [http-nio-8201-exec-4] WARN  o.s.w.s.m.m.a.ExceptionHandlerExceptionResolver - Resolved [org.springframework.web.HttpRequestMethodNotSupportedException: Request method 'GET' not supported]
2021-04-28 20:34:25.264 [restartedMain] WARN  o.s.b.d.autoconfigure.OptionalLiveReloadServer - Unable to start LiveReload server
2021-04-28 20:34:25.279 [restartedMain] WARN  o.s.d.m.c.index.MongoPersistentEntityIndexCreator - Automatic index creation will be disabled by default as of Spring Data MongoDB 3.x.
	Please use 'MongoMappingContext#setAutoIndexCreation(boolean)' or override 'MongoConfigurationSupport#autoIndexCreation()' to be explicit.
	However, we recommend setting up indices manually in an application ready block. You may use index derivation there as well.

	> -----------------------------------------------------------------------------------------
	> @EventListener(ApplicationReadyEvent.class)
	> public void initIndicesAfterStartup() {
	>
	>     IndexOperations indexOps = mongoTemplate.indexOps(DomainType.class);
	>
	>     IndexResolver resolver = new MongoPersistentEntityIndexResolver(mongoMappingContext);
	>     resolver.resolveIndexFor(DomainType.class).forEach(indexOps::ensureIndex);
	> }
	> -----------------------------------------------------------------------------------------

2021-04-28 20:34:29.558 [restartedMain] WARN  com.netflix.config.sources.URLConfigurationSource - No URLs will be polled as dynamic configuration sources.
2021-04-28 20:34:29.565 [restartedMain] WARN  com.netflix.config.sources.URLConfigurationSource - No URLs will be polled as dynamic configuration sources.
2021-04-28 23:36:34.560 [restartedMain] WARN  o.s.b.d.autoconfigure.OptionalLiveReloadServer - Unable to start LiveReload server
2021-04-28 23:36:34.582 [restartedMain] WARN  o.s.d.m.c.index.MongoPersistentEntityIndexCreator - Automatic index creation will be disabled by default as of Spring Data MongoDB 3.x.
	Please use 'MongoMappingContext#setAutoIndexCreation(boolean)' or override 'MongoConfigurationSupport#autoIndexCreation()' to be explicit.
	However, we recommend setting up indices manually in an application ready block. You may use index derivation there as well.

	> -----------------------------------------------------------------------------------------
	> @EventListener(ApplicationReadyEvent.class)
	> public void initIndicesAfterStartup() {
	>
	>     IndexOperations indexOps = mongoTemplate.indexOps(DomainType.class);
	>
	>     IndexResolver resolver = new MongoPersistentEntityIndexResolver(mongoMappingContext);
	>     resolver.resolveIndexFor(DomainType.class).forEach(indexOps::ensureIndex);
	> }
	> -----------------------------------------------------------------------------------------

2021-04-28 23:36:34.856 [restartedMain] WARN  o.s.b.w.s.c.AnnotationConfigServletWebServerApplicationContext - Exception encountered during context initialization - cancelling refresh attempt: org.springframework.beans.factory.UnsatisfiedDependencyException: Error creating bean with name 'apiController': Unsatisfied dependency expressed through field 'hospitalService'; nested exception is org.springframework.beans.factory.UnsatisfiedDependencyException: Error creating bean with name 'hospitalServiceImpl': Unsatisfied dependency expressed through field 'hospitalRepository'; nested exception is org.springframework.beans.factory.BeanCreationException: Error creating bean with name 'hospitalRepository': Invocation of init method failed; nested exception is org.springframework.data.mapping.PropertyReferenceException: No property hosName found for type Hospital! Did you mean 'hosname'?
2021-04-28 23:51:25.545 [restartedMain] WARN  o.s.b.d.autoconfigure.OptionalLiveReloadServer - Unable to start LiveReload server
2021-04-28 23:51:25.555 [restartedMain] WARN  o.s.d.m.c.index.MongoPersistentEntityIndexCreator - Automatic index creation will be disabled by default as of Spring Data MongoDB 3.x.
	Please use 'MongoMappingContext#setAutoIndexCreation(boolean)' or override 'MongoConfigurationSupport#autoIndexCreation()' to be explicit.
	However, we recommend setting up indices manually in an application ready block. You may use index derivation there as well.

	> -----------------------------------------------------------------------------------------
	> @EventListener(ApplicationReadyEvent.class)
	> public void initIndicesAfterStartup() {
	>
	>     IndexOperations indexOps = mongoTemplate.indexOps(DomainType.class);
	>
	>     IndexResolver resolver = new MongoPersistentEntityIndexResolver(mongoMappingContext);
	>     resolver.resolveIndexFor(DomainType.class).forEach(indexOps::ensureIndex);
	> }
	> -----------------------------------------------------------------------------------------

2021-04-28 23:51:25.780 [restartedMain] WARN  o.s.b.w.s.c.AnnotationConfigServletWebServerApplicationContext - Exception encountered during context initialization - cancelling refresh attempt: org.springframework.beans.factory.UnsatisfiedDependencyException: Error creating bean with name 'apiController': Unsatisfied dependency expressed through field 'hospitalService'; nested exception is org.springframework.beans.factory.UnsatisfiedDependencyException: Error creating bean with name 'hospitalServiceImpl': Unsatisfied dependency expressed through field 'hospitalRepository'; nested exception is org.springframework.beans.factory.BeanCreationException: Error creating bean with name 'hospitalRepository': Invocation of init method failed; nested exception is org.springframework.data.mapping.PropertyReferenceException: No property hosName found for type Hospital! Did you mean 'hosname'?
2021-04-28 23:55:37.508 [restartedMain] WARN  o.s.b.d.autoconfigure.OptionalLiveReloadServer - Unable to start LiveReload server
2021-04-28 23:55:37.520 [restartedMain] WARN  o.s.d.m.c.index.MongoPersistentEntityIndexCreator - Automatic index creation will be disabled by default as of Spring Data MongoDB 3.x.
	Please use 'MongoMappingContext#setAutoIndexCreation(boolean)' or override 'MongoConfigurationSupport#autoIndexCreation()' to be explicit.
	However, we recommend setting up indices manually in an application ready block. You may use index derivation there as well.

	> -----------------------------------------------------------------------------------------
	> @EventListener(ApplicationReadyEvent.class)
	> public void initIndicesAfterStartup() {
	>
	>     IndexOperations indexOps = mongoTemplate.indexOps(DomainType.class);
	>
	>     IndexResolver resolver = new MongoPersistentEntityIndexResolver(mongoMappingContext);
	>     resolver.resolveIndexFor(DomainType.class).forEach(indexOps::ensureIndex);
	> }
	> -----------------------------------------------------------------------------------------

2021-04-28 23:55:40.832 [restartedMain] WARN  com.netflix.config.sources.URLConfigurationSource - No URLs will be polled as dynamic configuration sources.
2021-04-28 23:55:40.838 [restartedMain] WARN  com.netflix.config.sources.URLConfigurationSource - No URLs will be polled as dynamic configuration sources.
