2021-04-27 16:37:34.303 [restartedMain] WARN  o.s.b.d.autoconfigure.OptionalLiveReloadServer - Unable to start LiveReload server
2021-04-27 16:37:34.318 [restartedMain] WARN  o.s.d.m.c.index.MongoPersistentEntityIndexCreator - Automatic index creation will be disabled by default as of Spring Data MongoDB 3.x.
	Please use 'MongoMappingContext#setAutoIndexCreation(boolean)' or override 'MongoConfigurationSupport#autoIndexCreation()' to be explicit.
	However, we recommend setting up indices manually in an application ready block. You may use index derivation there as well.

	> -----------------------------------------------------------------------------------------
	> @EventListener(ApplicationReadyEvent.class)
	> public void initIndicesAfterStartup() {
	>
	>     IndexOperations indexOps = mongoTemplate.indexOps(DomainType.class);
	>
	>     IndexResolver resolver = new MongoPersistentEntityIndexResolver(mongoMappingContext);
	>     resolver.resolveIndexFor(DomainType.class).forEach(indexOps::ensureIndex);
	> }
	> -----------------------------------------------------------------------------------------

2021-04-27 16:37:37.008 [restartedMain] WARN  com.netflix.config.sources.URLConfigurationSource - No URLs will be polled as dynamic configuration sources.
2021-04-27 16:37:37.016 [restartedMain] WARN  com.netflix.config.sources.URLConfigurationSource - No URLs will be polled as dynamic configuration sources.
2021-04-27 16:56:34.275 [restartedMain] WARN  o.s.b.d.autoconfigure.OptionalLiveReloadServer - Unable to start LiveReload server
2021-04-27 16:56:34.287 [restartedMain] WARN  o.s.d.m.c.index.MongoPersistentEntityIndexCreator - Automatic index creation will be disabled by default as of Spring Data MongoDB 3.x.
	Please use 'MongoMappingContext#setAutoIndexCreation(boolean)' or override 'MongoConfigurationSupport#autoIndexCreation()' to be explicit.
	However, we recommend setting up indices manually in an application ready block. You may use index derivation there as well.

	> -----------------------------------------------------------------------------------------
	> @EventListener(ApplicationReadyEvent.class)
	> public void initIndicesAfterStartup() {
	>
	>     IndexOperations indexOps = mongoTemplate.indexOps(DomainType.class);
	>
	>     IndexResolver resolver = new MongoPersistentEntityIndexResolver(mongoMappingContext);
	>     resolver.resolveIndexFor(DomainType.class).forEach(indexOps::ensureIndex);
	> }
	> -----------------------------------------------------------------------------------------

2021-04-27 16:56:36.931 [restartedMain] WARN  com.netflix.config.sources.URLConfigurationSource - No URLs will be polled as dynamic configuration sources.
2021-04-27 16:56:36.938 [restartedMain] WARN  com.netflix.config.sources.URLConfigurationSource - No URLs will be polled as dynamic configuration sources.
2021-04-27 17:06:40.815 [restartedMain] WARN  o.s.b.d.autoconfigure.OptionalLiveReloadServer - Unable to start LiveReload server
2021-04-27 17:06:40.827 [restartedMain] WARN  o.s.d.m.c.index.MongoPersistentEntityIndexCreator - Automatic index creation will be disabled by default as of Spring Data MongoDB 3.x.
	Please use 'MongoMappingContext#setAutoIndexCreation(boolean)' or override 'MongoConfigurationSupport#autoIndexCreation()' to be explicit.
	However, we recommend setting up indices manually in an application ready block. You may use index derivation there as well.

	> -----------------------------------------------------------------------------------------
	> @EventListener(ApplicationReadyEvent.class)
	> public void initIndicesAfterStartup() {
	>
	>     IndexOperations indexOps = mongoTemplate.indexOps(DomainType.class);
	>
	>     IndexResolver resolver = new MongoPersistentEntityIndexResolver(mongoMappingContext);
	>     resolver.resolveIndexFor(DomainType.class).forEach(indexOps::ensureIndex);
	> }
	> -----------------------------------------------------------------------------------------

2021-04-27 17:06:43.682 [restartedMain] WARN  com.netflix.config.sources.URLConfigurationSource - No URLs will be polled as dynamic configuration sources.
2021-04-27 17:06:43.688 [restartedMain] WARN  com.netflix.config.sources.URLConfigurationSource - No URLs will be polled as dynamic configuration sources.
2021-04-27 20:22:18.116 [restartedMain] WARN  o.s.b.d.autoconfigure.OptionalLiveReloadServer - Unable to start LiveReload server
2021-04-27 20:22:18.129 [restartedMain] WARN  o.s.d.m.c.index.MongoPersistentEntityIndexCreator - Automatic index creation will be disabled by default as of Spring Data MongoDB 3.x.
	Please use 'MongoMappingContext#setAutoIndexCreation(boolean)' or override 'MongoConfigurationSupport#autoIndexCreation()' to be explicit.
	However, we recommend setting up indices manually in an application ready block. You may use index derivation there as well.

	> -----------------------------------------------------------------------------------------
	> @EventListener(ApplicationReadyEvent.class)
	> public void initIndicesAfterStartup() {
	>
	>     IndexOperations indexOps = mongoTemplate.indexOps(DomainType.class);
	>
	>     IndexResolver resolver = new MongoPersistentEntityIndexResolver(mongoMappingContext);
	>     resolver.resolveIndexFor(DomainType.class).forEach(indexOps::ensureIndex);
	> }
	> -----------------------------------------------------------------------------------------

2021-04-27 20:22:20.779 [restartedMain] WARN  com.netflix.config.sources.URLConfigurationSource - No URLs will be polled as dynamic configuration sources.
2021-04-27 20:22:20.784 [restartedMain] WARN  com.netflix.config.sources.URLConfigurationSource - No URLs will be polled as dynamic configuration sources.
2021-04-27 20:25:27.933 [restartedMain] WARN  o.s.b.d.autoconfigure.OptionalLiveReloadServer - Unable to start LiveReload server
2021-04-27 20:25:27.946 [restartedMain] WARN  o.s.d.m.c.index.MongoPersistentEntityIndexCreator - Automatic index creation will be disabled by default as of Spring Data MongoDB 3.x.
	Please use 'MongoMappingContext#setAutoIndexCreation(boolean)' or override 'MongoConfigurationSupport#autoIndexCreation()' to be explicit.
	However, we recommend setting up indices manually in an application ready block. You may use index derivation there as well.

	> -----------------------------------------------------------------------------------------
	> @EventListener(ApplicationReadyEvent.class)
	> public void initIndicesAfterStartup() {
	>
	>     IndexOperations indexOps = mongoTemplate.indexOps(DomainType.class);
	>
	>     IndexResolver resolver = new MongoPersistentEntityIndexResolver(mongoMappingContext);
	>     resolver.resolveIndexFor(DomainType.class).forEach(indexOps::ensureIndex);
	> }
	> -----------------------------------------------------------------------------------------

2021-04-27 20:25:30.915 [restartedMain] WARN  com.netflix.config.sources.URLConfigurationSource - No URLs will be polled as dynamic configuration sources.
2021-04-27 20:25:30.921 [restartedMain] WARN  com.netflix.config.sources.URLConfigurationSource - No URLs will be polled as dynamic configuration sources.
2021-04-27 20:29:53.897 [restartedMain] WARN  o.s.b.d.autoconfigure.OptionalLiveReloadServer - Unable to start LiveReload server
2021-04-27 20:29:53.908 [restartedMain] WARN  o.s.d.m.c.index.MongoPersistentEntityIndexCreator - Automatic index creation will be disabled by default as of Spring Data MongoDB 3.x.
	Please use 'MongoMappingContext#setAutoIndexCreation(boolean)' or override 'MongoConfigurationSupport#autoIndexCreation()' to be explicit.
	However, we recommend setting up indices manually in an application ready block. You may use index derivation there as well.

	> -----------------------------------------------------------------------------------------
	> @EventListener(ApplicationReadyEvent.class)
	> public void initIndicesAfterStartup() {
	>
	>     IndexOperations indexOps = mongoTemplate.indexOps(DomainType.class);
	>
	>     IndexResolver resolver = new MongoPersistentEntityIndexResolver(mongoMappingContext);
	>     resolver.resolveIndexFor(DomainType.class).forEach(indexOps::ensureIndex);
	> }
	> -----------------------------------------------------------------------------------------

2021-04-27 20:29:56.458 [restartedMain] WARN  com.netflix.config.sources.URLConfigurationSource - No URLs will be polled as dynamic configuration sources.
2021-04-27 20:29:56.464 [restartedMain] WARN  com.netflix.config.sources.URLConfigurationSource - No URLs will be polled as dynamic configuration sources.
2021-04-27 21:25:12.526 [restartedMain] WARN  o.s.b.d.autoconfigure.OptionalLiveReloadServer - Unable to start LiveReload server
2021-04-27 21:25:12.539 [restartedMain] WARN  o.s.d.m.c.index.MongoPersistentEntityIndexCreator - Automatic index creation will be disabled by default as of Spring Data MongoDB 3.x.
	Please use 'MongoMappingContext#setAutoIndexCreation(boolean)' or override 'MongoConfigurationSupport#autoIndexCreation()' to be explicit.
	However, we recommend setting up indices manually in an application ready block. You may use index derivation there as well.

	> -----------------------------------------------------------------------------------------
	> @EventListener(ApplicationReadyEvent.class)
	> public void initIndicesAfterStartup() {
	>
	>     IndexOperations indexOps = mongoTemplate.indexOps(DomainType.class);
	>
	>     IndexResolver resolver = new MongoPersistentEntityIndexResolver(mongoMappingContext);
	>     resolver.resolveIndexFor(DomainType.class).forEach(indexOps::ensureIndex);
	> }
	> -----------------------------------------------------------------------------------------

2021-04-27 21:25:15.514 [restartedMain] WARN  com.netflix.config.sources.URLConfigurationSource - No URLs will be polled as dynamic configuration sources.
2021-04-27 21:25:15.524 [restartedMain] WARN  com.netflix.config.sources.URLConfigurationSource - No URLs will be polled as dynamic configuration sources.
2021-04-27 21:41:27.812 [restartedMain] WARN  o.s.b.d.autoconfigure.OptionalLiveReloadServer - Unable to start LiveReload server
2021-04-27 21:41:27.823 [restartedMain] WARN  o.s.d.m.c.index.MongoPersistentEntityIndexCreator - Automatic index creation will be disabled by default as of Spring Data MongoDB 3.x.
	Please use 'MongoMappingContext#setAutoIndexCreation(boolean)' or override 'MongoConfigurationSupport#autoIndexCreation()' to be explicit.
	However, we recommend setting up indices manually in an application ready block. You may use index derivation there as well.

	> -----------------------------------------------------------------------------------------
	> @EventListener(ApplicationReadyEvent.class)
	> public void initIndicesAfterStartup() {
	>
	>     IndexOperations indexOps = mongoTemplate.indexOps(DomainType.class);
	>
	>     IndexResolver resolver = new MongoPersistentEntityIndexResolver(mongoMappingContext);
	>     resolver.resolveIndexFor(DomainType.class).forEach(indexOps::ensureIndex);
	> }
	> -----------------------------------------------------------------------------------------

2021-04-27 21:41:30.482 [restartedMain] WARN  com.netflix.config.sources.URLConfigurationSource - No URLs will be polled as dynamic configuration sources.
2021-04-27 21:41:30.487 [restartedMain] WARN  com.netflix.config.sources.URLConfigurationSource - No URLs will be polled as dynamic configuration sources.
2021-04-27 21:46:13.064 [restartedMain] WARN  o.s.b.d.autoconfigure.OptionalLiveReloadServer - Unable to start LiveReload server
2021-04-27 21:46:13.075 [restartedMain] WARN  o.s.d.m.c.index.MongoPersistentEntityIndexCreator - Automatic index creation will be disabled by default as of Spring Data MongoDB 3.x.
	Please use 'MongoMappingContext#setAutoIndexCreation(boolean)' or override 'MongoConfigurationSupport#autoIndexCreation()' to be explicit.
	However, we recommend setting up indices manually in an application ready block. You may use index derivation there as well.

	> -----------------------------------------------------------------------------------------
	> @EventListener(ApplicationReadyEvent.class)
	> public void initIndicesAfterStartup() {
	>
	>     IndexOperations indexOps = mongoTemplate.indexOps(DomainType.class);
	>
	>     IndexResolver resolver = new MongoPersistentEntityIndexResolver(mongoMappingContext);
	>     resolver.resolveIndexFor(DomainType.class).forEach(indexOps::ensureIndex);
	> }
	> -----------------------------------------------------------------------------------------

2021-04-27 21:46:15.710 [restartedMain] WARN  com.netflix.config.sources.URLConfigurationSource - No URLs will be polled as dynamic configuration sources.
2021-04-27 21:46:15.716 [restartedMain] WARN  com.netflix.config.sources.URLConfigurationSource - No URLs will be polled as dynamic configuration sources.
2021-04-27 22:06:54.285 [restartedMain] WARN  o.s.b.d.autoconfigure.OptionalLiveReloadServer - Unable to start LiveReload server
2021-04-27 22:06:54.295 [restartedMain] WARN  o.s.d.m.c.index.MongoPersistentEntityIndexCreator - Automatic index creation will be disabled by default as of Spring Data MongoDB 3.x.
	Please use 'MongoMappingContext#setAutoIndexCreation(boolean)' or override 'MongoConfigurationSupport#autoIndexCreation()' to be explicit.
	However, we recommend setting up indices manually in an application ready block. You may use index derivation there as well.

	> -----------------------------------------------------------------------------------------
	> @EventListener(ApplicationReadyEvent.class)
	> public void initIndicesAfterStartup() {
	>
	>     IndexOperations indexOps = mongoTemplate.indexOps(DomainType.class);
	>
	>     IndexResolver resolver = new MongoPersistentEntityIndexResolver(mongoMappingContext);
	>     resolver.resolveIndexFor(DomainType.class).forEach(indexOps::ensureIndex);
	> }
	> -----------------------------------------------------------------------------------------

2021-04-27 22:06:57.003 [restartedMain] WARN  com.netflix.config.sources.URLConfigurationSource - No URLs will be polled as dynamic configuration sources.
2021-04-27 22:06:57.009 [restartedMain] WARN  com.netflix.config.sources.URLConfigurationSource - No URLs will be polled as dynamic configuration sources.
